MPASM 03.20 Released          EXEMPLO.ASM   1-6-2003  15:47:52         PAGE  1


LOC  OBJECT CODE     LINE SOURCE TEXT
  VALUE

Warning[205]: Found directive in column 1. (LIST)
                      00001 LIST P=16F627
Warning[205]: Found directive in column 1. (INCLUDE)
                      00002 INCLUDE <P16F627.INC>
                      00001         LIST
                      00002 ; P16F627.INC  Standard Header File, Version 1.01    Microchip Technology, Inc.
                      00261         LIST
Warning[205]: Found directive in column 1. (INCLUDE)
                      00003 INCLUDE <MACROS.ASM> 
                      00001 ; Este arquivo de macros pode ser incluído livremente em qualquer programa.
                      00002 ; Para isto basta utilizar a diretiva INCLUDE <MACROS.ASM>
                      00003 INCW    MACRO
                      00004         ADDLW  0x01
                      00005         ENDM
                      00006 DECW    MACRO
                      00007         ADDLW  0XFF
                      00008         ENDM
                      00009 COMW    MACRO
                      00010         XORWF   0xFF
                      00011         ENDM
                      00012 BSW     MACRO   BIT
                      00013         IF (BIT==0)
                      00014                 IORLW   B'00000001'
                      00015         ENDIF
                      00016         IF (BIT==1)
                      00017                 IORLW   B'00000010'
                      00018         ENDIF
                      00019         IF (BIT==2)
                      00020                 IORLW   B'00000100'
                      00021         ENDIF
                      00022         IF (BIT==3)
                      00023                 IORLW   B'00001000'
                      00024         ENDIF
                      00025         IF (BIT==4)
                      00026                 IORLW   B'00010000'
                      00027         ENDIF
                      00028         IF (BIT==5)
                      00029                 IORLW   B'00100000'
                      00030         ENDIF
                      00031         IF (BIT==6)
                      00032                 IORLW   B'01000000'
                      00033         ENDIF
                      00034         IF (BIT==7)
                      00035                 IORLW   B'10000000'
                      00036         ENDIF
                      00037         ENDM
                      00038 BCW     MACRO   BIT
                      00039         IF (BIT==0)
                      00040                 ANDLW   B'11111110'
                      00041         ENDIF
                      00042         IF (BIT==1)
                      00043                 ANDLW   B'11111101'
                      00044         ENDIF
MPASM 03.20 Released          EXEMPLO.ASM   1-6-2003  15:47:52         PAGE  2


LOC  OBJECT CODE     LINE SOURCE TEXT
  VALUE

                      00045         IF (BIT==2)
                      00046                 ANDLW   B'11111011'
                      00047         ENDIF
                      00048         IF (BIT==3)
                      00049                 ANDLW   B'11110111'
                      00050         ENDIF
                      00051         IF (BIT==4)
                      00052                 ANDLW   B'11101111'
                      00053         ENDIF
                      00054         IF (BIT==5)
                      00055                 ANDLW   B'11011111'
                      00056         ENDIF
                      00057         IF (BIT==6)
                      00058                 ANDLW   B'10111111'
                      00059         ENDIF
                      00060         IF (BIT==7)
                      00061                 ANDLW   B'01111111'
                      00062         ENDIF
                      00063         ENDM
                      00064 JPE     MACRO   ENDER,REG,VAL
                      00065         MOVLW   VAL
                      00066         SUBWF   REG,W
                      00067         BTFSC   STATUS,Z
                      00068         GOTO    ENDER
                      00069         ENDM
                      00070 JPNE    MACRO   ENDER,REG,VAL
                      00071         MOVLW   VAL
                      00072         SUBWF   REG,W
                      00073         BTFSS   STATUS,Z
                      00074         GOTO    ENDER
                      00075         ENDM
                      00076 JPL     MACRO   ENDER,REG,VAL
                      00077         MOVLW   VAL
                      00078         SUBWF   REG,W
                      00079         BTFSS   STATUS,C
                      00080         GOTO    ENDER
                      00081         ENDM
                      00082 JPLS    MACRO   ENDER,REG,VAL
                      00083         MOVLW   VAL
                      00084         SUBWF   REG,W
                      00085         BTFSS   STATUS,C
                      00086         GOTO    ENDER
                      00087         BTFSC   STATUS,Z
                      00088         GOTO    ENDER
                      00089         ENDM
                      00090 JPG     MACRO   ENDER,REG,VAL
                      00091         MOVLW   VAL
                      00092         SUBWF   REG,W
                      00093         BTFSS   STATUS,C
                      00094         GOTO    JPG_FIM
                      00095         BTFSS   STATUS,Z
                      00096         GOTO    ENDER
                      00097 JPG_FIM:
MPASM 03.20 Released          EXEMPLO.ASM   1-6-2003  15:47:52         PAGE  3


LOC  OBJECT CODE     LINE SOURCE TEXT
  VALUE

                      00098         ENDM
                      00099 JPGS    MACRO   ENDER,REG,VAL
                      00100         MOVLW   VAL
                      00101         SUBWF   REG,W
                      00102         BTFSC   STATUS,C
                      00103         GOTO    ENDER
                      00104         ENDM
                      00105 JPWZ    MACRO   ENDER
                      00106         ANDLW   0XFF
                      00107         BTFSC   STATUS,Z
                      00108         GOTO    ENDER
                      00109         ENDM
                      00110 JPWNZ   MACRO   ENDER
                      00111         ANDLW   0XFF
                      00112         BTFSS   STATUS,Z
                      00113         GOTO    ENDER
                      00114         ENDM
                      00115 COMBF   MACRO   REG,BIT
                      00116         IF (BIT==0)
                      00117                 MOVLW   B'00000001'
                      00118         ENDIF
                      00119         IF (BIT==1)
                      00120                 MOVLW   B'00000010'
                      00121         ENDIF
                      00122         IF (BIT==2)
                      00123                 MOVLW   B'00000100'
                      00124         ENDIF
                      00125         IF (BIT==3)
                      00126                 MOVLW   B'00001000'
                      00127         ENDIF
                      00128         IF (BIT==4)
                      00129                 MOVLW   B'00010000'
                      00130         ENDIF
                      00131         IF (BIT==5)
                      00132                 MOVLW   B'00100000'
                      00133         ENDIF
                      00134         IF (BIT==6)
                      00135                 MOVLW   B'01000000'
                      00136         ENDIF
                      00137         IF (BIT==7)
                      00138                 MOVLW   B'10000000'
                      00139         ENDIF
                      00140         XORWF   REG,F
                      00141         ENDM
                      00142 ; MACRO para Multiplicação com RLF. Incluída no arquivo MACROS.ASM
                      00143 ; Utilização: MULT2 <registrador>,<valor múltiplo de potência de 2>
                      00144 MULT2   MACRO   REG,VAL
                      00145         BCF     STATUS,C                ; limpa o flag de carry
                      00146         IF (VAL==2)
                      00147                 RLF     REG,F           ; rotaciona o registrador à esquerda
                      00148                                         ; o que equivale a multiplicar por 2
                      00149         ENDIF
                      00150         IF (VAL==4)
MPASM 03.20 Released          EXEMPLO.ASM   1-6-2003  15:47:52         PAGE  4


LOC  OBJECT CODE     LINE SOURCE TEXT
  VALUE

                      00151                 RLF     REG,F           ; multiplica por 2
                      00152                 BCF     STATUS,C        ; zera carry para não atrapalhar a pró
                      00153                                         ; xima multiplicação
                      00154                 RLF     REG,F           ; multiplica novamente por 2 (total 4)
                      00155         ENDIF
                      00156         IF (VAL==8)
                      00157                 RLF     REG,F           ; multiplica por 2
                      00158                 BCF     STATUS,C        ; zera carry
                      00159                 RLF     REG,F           ; multiplica novamente por 2 (total 4)
                      00160                 BCF     STATUS,C        ; zera carry
                      00161                 RLF     REG,F           ; multiplica novamente por 2 (total 8)
                      00162         ENDIF
                      00163         IF (VAL==16)
                      00164                 RLF     REG,F           ; multiplica por 2
                      00165                 BCF     STATUS,C        ; zera carry
                      00166                 RLF     REG,F           ; multiplica novamente por 2 (total 4)
                      00167                 BCF     STATUS,C        ; zera carry
                      00168                 RLF     REG,F           ; multiplica novamente por 2 (total 8)
                      00169                 BCF     STATUS,C        ; zera carry
                      00170                 RLF     REG,F           ; multiplica novamente por 2 (total 16)
                      00171         ENDIF
                      00172         IF (VAL==32)
                      00173                 RLF     REG,F           ; multiplica por 2
                      00174                 BCF     STATUS,C        ; zera carry
                      00175                 RLF     REG,F           ; multiplica novamente por 2 (total 4)
                      00176                 BCF     STATUS,C        ; zera carry
                      00177                 RLF     REG,F           ; multiplica novamente por 2 (total 8)
                      00178                 BCF     STATUS,C        ; zera carry
                      00179                 RLF     REG,F           ; multiplica novamente por 2 (total 16)                 
                      00180                 BCF     STATUS,C        ; zera carry
                      00181                 RLF     REG,F           ; multiplica novamente por 2 (total 32)
                      00182         ENDIF
                      00183         ENDM
                      00184 ; MACRO para Divisão com RRF. Esta macro está incluída no arquivo MACROS.ASM
                      00185 ; Utilização: DIV2 <registrador>,<valor múltiplo de potência de 2>
                      00186 DIV2    MACRO   REG,VAL
                      00187         BCF     STATUS,C                ; limpa o flag de carry
                      00188         IF (VAL==2)
                      00189                 RRF     REG,F           ; rotaciona o registrador à esquerda
                      00190                                         ; o que equivale a divider por 2
                      00191         ENDIF
                      00192         IF (VAL==4)
                      00193                 RRF     REG,F           ; divide por 2
                      00194                 BCF     STATUS,C        ; zera carry para não atrapalhar a pró
                      00195                                         ; xima divisão
                      00196                 RRF     REG,F           ; divide novamente por 2 (total 4)
                      00197         ENDIF
                      00198         IF (VAL==8)
                      00199                 RRF     REG,F           ; divide por 2
                      00200                 BCF     STATUS,C        ; zera carry
                      00201                 RRF     REG,F           ; divide novamente por 2 (total 4)
                      00202                 BCF     STATUS,C        ; zera carry
                      00203                 RRF     REG,F           ; divide novamente por 2 (total 8)
MPASM 03.20 Released          EXEMPLO.ASM   1-6-2003  15:47:52         PAGE  5


LOC  OBJECT CODE     LINE SOURCE TEXT
  VALUE

                      00204         ENDIF
                      00205         IF (VAL==16)
                      00206                 RRF     REG,F           ; divide por 2
                      00207                 BCF     STATUS,C        ; zera carry
                      00208                 RRF     REG,F           ; divide novamente por 2 (total 4)
                      00209                 BCF     STATUS,C        ; zera carry
                      00210                 RRF     REG,F           ; divide novamente por 2 (total 8)
                      00211                 BCF     STATUS,C        ; zera carry
                      00212                 RRF     REG,F           ; divide novamente por 2 (total 16)
                      00213         ENDIF
                      00214         IF (VAL==32)
                      00215                 RRF     REG,F           ; divide por 2
                      00216                 BCF     STATUS,C        ; zera carry
                      00217                 RRF     REG,F           ; divide novamente por 2 (total 4)
                      00218                 BCF     STATUS,C        ; zera carry
                      00219                 RRF     REG,F           ; divide novamente por 2 (total 8)
                      00220                 BCF     STATUS,C        ; zera carry
                      00221                 RRF     REG,F           ; divide novamente por 2 (total 16)
                      00222                 BCF     STATUS,C        ; zera carry
                      00223                 RRF     REG,F           ; divide novamente por 2 (total 32)
                      00224         ENDIF
                      00225         ENDM
                      00226 SALVA_CONTEXTO  MACRO
                      00227         MOVWF   W_TEMP  ; salva o conteúdo do W em W_TEMP
                      00228         SWAPF   STATUS,W        ; salva o conteúdo do STATUS ...
                      00229         MOVWF   STATUS_TEMP     ; ... em STATUS_TEMP
                      00230         ENDM
                      00231 RESTAURA_CONTEXTO  MACRO
                      00232         SWAPF   STATUS_TEMP,W   ; restaura o conteúdo do ...
                      00233         MOVWF   STATUS  ; ... registrador STATUS
                      00234         SWAPF   W_TEMP,F        ; restaura o conteúdo ...
                      00235         SWAPF   W_TEMP,W        ; ... do registrador W
                      00236         ENDM
                      00237 
                      00238 
Warning[205]: Found directive in column 1. (__CONFIG)
2007   3F18           00004 __CONFIG _CP_OFF & _WDT_OFF & _PWRTE_OFF & _BODEN_OFF & _MCLRE_OFF & _INTRC_OSC_NOCLKOUT & _LVP_OFF
                      00005 
Warning[205]: Found directive in column 1. (ORG)
0000                  00006 ORG     0x0000
0000   3085           00007         MOVLW   0x85            ; 
0001   0084           00008         MOVWF   FSR             ; seleciona o registrador 0x85 (TRISA)
0002   0180           00009         CLRF    INDF            ; apaga o registrador 0x85 (TRISA)
0003   0A84           00010         INCF    FSR,F           ; incrementa FSR (0x86 – TRISB)
0004   300F           00011         MOVLW   B'00001111'     ; configura os 4 primeiros pinos como entradas ...
0005   0080           00012         MOVWF   INDF            ; e os quatro MSB como saídas (registrador TRISB)
0006   0063           00013         SLEEP                   ; fim do programa
Warning[205]: Found directive in column 1. (END)
                      00014 END
MPASM 03.20 Released          EXEMPLO.ASM   1-6-2003  15:47:52         PAGE  6


SYMBOL TABLE
  LABEL                             VALUE 

ADEN                              00000003
BCW                               
BRGH                              00000002
BSW                               
C                                 00000000
C1INV                             00000004
C1OUT                             00000006
C2INV                             00000005
C2OUT                             00000007
CCP1CON                           00000017
CCP1IE                            00000002
CCP1IF                            00000002
CCP1M0                            00000000
CCP1M1                            00000001
CCP1M2                            00000002
CCP1M3                            00000003
CCP1X                             00000005
CCP1Y                             00000004
CCPR1H                            00000016
CCPR1L                            00000015
CIS                               00000003
CM0                               00000000
CM1                               00000001
CM2                               00000002
CMCON                             0000001F
CMIE                              00000006
CMIF                              00000006
COMBF                             
COMW                              
CREN                              00000004
CSRC                              00000007
DC                                00000001
DECW                              
DIV2                              
EEADR                             0000009B
EECON1                            0000009C
EECON2                            0000009D
EEDATA                            0000009A
EEIE                              00000007
EEIF                              00000007
F                                 00000001
FERR                              00000002
FSR                               00000004
GIE                               00000007
INCW                              
INDF                              00000000
INTCON                            0000000B
INTE                              00000004
INTEDG                            00000006
INTF                              00000001
IRP                               00000007
JPE                               
JPG                               
MPASM 03.20 Released          EXEMPLO.ASM   1-6-2003  15:47:52         PAGE  7


SYMBOL TABLE
  LABEL                             VALUE 

JPGS                              
JPL                               
JPLS                              
JPNE                              
JPWNZ                             
JPWZ                              
MULT2                             
NOT_BO                            00000000
NOT_BOD                           00000000
NOT_BOR                           00000000
NOT_PD                            00000003
NOT_POR                           00000001
NOT_RBPU                          00000007
NOT_T1SYNC                        00000002
NOT_TO                            00000004
OERR                              00000001
OPTION_REG                        00000081
OSCF                              00000003
PCL                               00000002
PCLATH                            0000000A
PCON                              0000008E
PEIE                              00000006
PIE1                              0000008C
PIR1                              0000000C
PORTA                             00000005
PORTB                             00000006
PR2                               00000092
PS0                               00000000
PS1                               00000001
PS2                               00000002
PSA                               00000003
RBIE                              00000003
RBIF                              00000000
RCIE                              00000005
RCIF                              00000005
RCREG                             0000001A
RCSTA                             00000018
RD                                00000000
RESTAURA_CONTEXTO                 
RP0                               00000005
RP1                               00000006
RX9                               00000006
RX9D                              00000000
SALVA_CONTEXTO                    
SPBRG                             00000099
SPEN                              00000007
SREN                              00000005
STATUS                            00000003
SYNC                              00000004
T0CS                              00000005
T0IE                              00000005
T0IF                              00000002
T0SE                              00000004
MPASM 03.20 Released          EXEMPLO.ASM   1-6-2003  15:47:52         PAGE  8


SYMBOL TABLE
  LABEL                             VALUE 

T1CKPS0                           00000004
T1CKPS1                           00000005
T1CON                             00000010
T1OSCEN                           00000003
T2CKPS0                           00000000
T2CKPS1                           00000001
T2CON                             00000012
TMR0                              00000001
TMR1CS                            00000001
TMR1H                             0000000F
TMR1IE                            00000000
TMR1IF                            00000000
TMR1L                             0000000E
TMR1ON                            00000000
TMR2                              00000011
TMR2IE                            00000001
TMR2IF                            00000001
TMR2ON                            00000002
TOUTPS0                           00000003
TOUTPS1                           00000004
TOUTPS2                           00000005
TOUTPS3                           00000006
TRISA                             00000085
TRISB                             00000086
TRMT                              00000001
TX9                               00000006
TX9D                              00000000
TXEN                              00000005
TXIE                              00000004
TXIF                              00000004
TXREG                             00000019
TXSTA                             00000098
VR0                               00000000
VR1                               00000001
VR2                               00000002
VR3                               00000003
VRCON                             0000009F
VREN                              00000007
VROE                              00000006
VRR                               00000005
W                                 00000000
WR                                00000001
WREN                              00000002
WRERR                             00000003
Z                                 00000002
_BODEN_OFF                        00003FBF
_BODEN_ON                         00003FFF
_CP_50                            00002BFF
_CP_75                            000017FF
_CP_ALL                           000003FF
_CP_OFF                           00003FFF
_DATA_CP_OFF                      00003FFF
_DATA_CP_ON                       00003EFF
MPASM 03.20 Released          EXEMPLO.ASM   1-6-2003  15:47:52         PAGE  9


SYMBOL TABLE
  LABEL                             VALUE 

_ER_OSC_CLKOUT                    00003FFF
_ER_OSC_NOCLKOUT                  00003FFE
_EXTCLK_OSC                       00003FEF
_HS_OSC                           00003FEE
_INTRC_OSC_CLKOUT                 00003FFD
_INTRC_OSC_NOCLKOUT               00003FFC
_LP_OSC                           00003FEC
_LVP_OFF                          00003F7F
_LVP_ON                           00003FFF
_MCLRE_OFF                        00003FDF
_MCLRE_ON                         00003FFF
_PWRTE_OFF                        00003FFF
_PWRTE_ON                         00003FF7
_WDT_OFF                          00003FFB
_WDT_ON                           00003FFF
_XT_OSC                           00003FED
__16F627                          00000001


MEMORY USAGE MAP ('X' = Used,  '-' = Unused)

0000 : XXXXXXX--------- ---------------- ---------------- ----------------
2000 : -------X-------- ---------------- ---------------- ----------------

All other memory blocks unused.

Program Memory Words Used:     7
Program Memory Words Free:  1017


Errors   :     0
Warnings :     6 reported,     0 suppressed
Messages :     0 reported,     0 suppressed

