MPASM 03.20 Released          EXEMPLO.ASM   1-6-2003  16:25:18         PAGE  1


LOC  OBJECT CODE     LINE SOURCE TEXT
  VALUE

Warning[205]: Found directive in column 1. (LIST)
                      00001 LIST    P=16F627
Warning[205]: Found directive in column 1. (INCLUDE)
                      00002 INCLUDE <P16F627.INC>
                      00001         LIST
                      00002 ; P16F627.INC  Standard Header File, Version 1.01    Microchip Technology, Inc.
                      00261         LIST
Warning[205]: Found directive in column 1. (__CONFIG)
2007   3F18           00003 __CONFIG _CP_OFF & _WDT_OFF & _PWRTE_OFF & _BODEN_OFF & _MCLRE_OFF & _INTRC_OSC_NOCLKOUT & _LVP_OFF
  00000020            00004 A0      EQU 0x20
  00000021            00005 B0      EQU 0x21
  00000022            00006 C0      EQU 0x22
  00000023            00007 C1      EQU 0x23
Warning[205]: Found directive in column 1. (ORG)
0000                  00008 ORG     0x0000
0000   280D           00009         GOTO    INICIO
0001                  00010 MULTB8X8:
0001   01A2           00011         CLRF    C0              ; limpa variável C0
0002   01A3           00012         CLRF    C1              ; limpa variável C1
0003   0820           00013         MOVF    A0,W            ; copia o valor de A0 ...
0004   00A2           00014         MOVWF   C0              ; para a variável C0
0005                  00015 LOOP_MULTB:
0005   03A1           00016         DECF    B0,F            ; decrementa B0
0006   1903           00017         BTFSC   STATUS,Z                ; se B0=0 ...
0007   0008           00018         RETURN                  ; retorna da sub-rotina
0008   0820           00019         MOVF    A0,W            ; copia A0 para o W
0009   07A2           00020         ADDWF   C0,F            ; soma o A0 (em W) com C0 e guarda o resultado em C0
000A   1803           00021         BTFSC   STATUS,C                ; se houver transbordo do C0 ...
000B   0AA3           00022         INCF    C1,F            ; incrementa o C1
000C   2805           00023         GOTO    LOOP_MULTB      ; retorna ao LOOP_MULTB para mais um ciclo
000D                  00024 INICIO:
000D   300A           00025         MOVLW   0x0A            ; inicializa a variável A0
000E   00A0           00026         MOVWF   A0              ; com o valor 0x0A (10 decimal)
000F   3003           00027         MOVLW   0x03            ; inicializa a variável B0
0010   00A1           00028         MOVWF   B0              ; com o valor 0x03
0011   2001           00029         CALL    MULTB8X8                ; chama sub-rotina de multiplicação
0012   0063           00030         SLEEP                   ; o programa termina aqui
                      00031 ; resultado: C0=0x1E (30 decimal) e C1=0. Z=’1’, C=’0’ e DC=’0’
Warning[205]: Found directive in column 1. (END)
                      00032 END
MPASM 03.20 Released          EXEMPLO.ASM   1-6-2003  16:25:18         PAGE  2


SYMBOL TABLE
  LABEL                             VALUE 

A0                                00000020
ADEN                              00000003
B0                                00000021
BRGH                              00000002
C                                 00000000
C0                                00000022
C1                                00000023
C1INV                             00000004
C1OUT                             00000006
C2INV                             00000005
C2OUT                             00000007
CCP1CON                           00000017
CCP1IE                            00000002
CCP1IF                            00000002
CCP1M0                            00000000
CCP1M1                            00000001
CCP1M2                            00000002
CCP1M3                            00000003
CCP1X                             00000005
CCP1Y                             00000004
CCPR1H                            00000016
CCPR1L                            00000015
CIS                               00000003
CM0                               00000000
CM1                               00000001
CM2                               00000002
CMCON                             0000001F
CMIE                              00000006
CMIF                              00000006
CREN                              00000004
CSRC                              00000007
DC                                00000001
EEADR                             0000009B
EECON1                            0000009C
EECON2                            0000009D
EEDATA                            0000009A
EEIE                              00000007
EEIF                              00000007
F                                 00000001
FERR                              00000002
FSR                               00000004
GIE                               00000007
INDF                              00000000
INICIO                            0000000D
INTCON                            0000000B
INTE                              00000004
INTEDG                            00000006
INTF                              00000001
IRP                               00000007
LOOP_MULTB                        00000005
MULTB8X8                          00000001
NOT_BO                            00000000
NOT_BOD                           00000000
MPASM 03.20 Released          EXEMPLO.ASM   1-6-2003  16:25:18         PAGE  3


SYMBOL TABLE
  LABEL                             VALUE 

NOT_BOR                           00000000
NOT_PD                            00000003
NOT_POR                           00000001
NOT_RBPU                          00000007
NOT_T1SYNC                        00000002
NOT_TO                            00000004
OERR                              00000001
OPTION_REG                        00000081
OSCF                              00000003
PCL                               00000002
PCLATH                            0000000A
PCON                              0000008E
PEIE                              00000006
PIE1                              0000008C
PIR1                              0000000C
PORTA                             00000005
PORTB                             00000006
PR2                               00000092
PS0                               00000000
PS1                               00000001
PS2                               00000002
PSA                               00000003
RBIE                              00000003
RBIF                              00000000
RCIE                              00000005
RCIF                              00000005
RCREG                             0000001A
RCSTA                             00000018
RD                                00000000
RP0                               00000005
RP1                               00000006
RX9                               00000006
RX9D                              00000000
SPBRG                             00000099
SPEN                              00000007
SREN                              00000005
STATUS                            00000003
SYNC                              00000004
T0CS                              00000005
T0IE                              00000005
T0IF                              00000002
T0SE                              00000004
T1CKPS0                           00000004
T1CKPS1                           00000005
T1CON                             00000010
T1OSCEN                           00000003
T2CKPS0                           00000000
T2CKPS1                           00000001
T2CON                             00000012
TMR0                              00000001
TMR1CS                            00000001
TMR1H                             0000000F
TMR1IE                            00000000
MPASM 03.20 Released          EXEMPLO.ASM   1-6-2003  16:25:18         PAGE  4


SYMBOL TABLE
  LABEL                             VALUE 

TMR1IF                            00000000
TMR1L                             0000000E
TMR1ON                            00000000
TMR2                              00000011
TMR2IE                            00000001
TMR2IF                            00000001
TMR2ON                            00000002
TOUTPS0                           00000003
TOUTPS1                           00000004
TOUTPS2                           00000005
TOUTPS3                           00000006
TRISA                             00000085
TRISB                             00000086
TRMT                              00000001
TX9                               00000006
TX9D                              00000000
TXEN                              00000005
TXIE                              00000004
TXIF                              00000004
TXREG                             00000019
TXSTA                             00000098
VR0                               00000000
VR1                               00000001
VR2                               00000002
VR3                               00000003
VRCON                             0000009F
VREN                              00000007
VROE                              00000006
VRR                               00000005
W                                 00000000
WR                                00000001
WREN                              00000002
WRERR                             00000003
Z                                 00000002
_BODEN_OFF                        00003FBF
_BODEN_ON                         00003FFF
_CP_50                            00002BFF
_CP_75                            000017FF
_CP_ALL                           000003FF
_CP_OFF                           00003FFF
_DATA_CP_OFF                      00003FFF
_DATA_CP_ON                       00003EFF
_ER_OSC_CLKOUT                    00003FFF
_ER_OSC_NOCLKOUT                  00003FFE
_EXTCLK_OSC                       00003FEF
_HS_OSC                           00003FEE
_INTRC_OSC_CLKOUT                 00003FFD
_INTRC_OSC_NOCLKOUT               00003FFC
_LP_OSC                           00003FEC
_LVP_OFF                          00003F7F
_LVP_ON                           00003FFF
_MCLRE_OFF                        00003FDF
_MCLRE_ON                         00003FFF
MPASM 03.20 Released          EXEMPLO.ASM   1-6-2003  16:25:18         PAGE  5


SYMBOL TABLE
  LABEL                             VALUE 

_PWRTE_OFF                        00003FFF
_PWRTE_ON                         00003FF7
_WDT_OFF                          00003FFB
_WDT_ON                           00003FFF
_XT_OSC                           00003FED
__16F627                          00000001


MEMORY USAGE MAP ('X' = Used,  '-' = Unused)

0000 : XXXXXXXXXXXXXXXX XXX------------- ---------------- ----------------
2000 : -------X-------- ---------------- ---------------- ----------------

All other memory blocks unused.

Program Memory Words Used:    19
Program Memory Words Free:  1005


Errors   :     0
Warnings :     5 reported,     0 suppressed
Messages :     0 reported,     0 suppressed

