MPASM 03.20 Released          EQUACAO.ASM   1-6-2003  16:05:05         PAGE  1


LOC  OBJECT CODE     LINE SOURCE TEXT
  VALUE

                      00001 ; Média de quatro valores
Warning[205]: Found directive in column 1. (LIST)
                      00002 LIST P=16F627
Warning[205]: Found directive in column 1. (INCLUDE)
                      00003 INCLUDE  <P16F627.INC>
                      00001         LIST
                      00002 ; P16F627.INC  Standard Header File, Version 1.01    Microchip Technology, Inc.
                      00261         LIST
Warning[205]: Found directive in column 1. (__CONFIG)
2007   3F18           00004 __CONFIG _CP_OFF & _WDT_OFF & _PWRTE_OFF & _BODEN_OFF & _MCLRE_OFF & _INTRC_OSC_NOCLKOUT & _LVP_OFF
  00000020            00005 VA      EQU     0x20            ; associa o registrador GPR do endereço 0x20 com a variável VA
  00000021            00006 VB      EQU     0x21            ; associa o registrador GPR do endereço 0x21 com a  variável VB
  00000022            00007 VC      EQU     0x22            ; associa o registrador GPR do endereço 0x22 com a  variável VC
  00000023            00008 VD      EQU     0x23            ; associa o registrador GPR do endereço 0x23 com a  variável VD
  00000024            00009 RESUL   EQU     0x24            ; variável RESU menos significativa no endereço 0x24
  00000025            00010 RESUH   EQU     0x25            ; variável RESU mais significativa no endereço 0x25
Warning[205]: Found directive in column 1. (ORG)
0000                  00011 ORG     0x0000                  ; início do programa no endereço 0000           Z       C
Warning[203]: Found opcode in column 1. (MOVLW)
0000   3064           00012 MOVLW   D'100'                  ; W=D’100’                                      X       X
Warning[203]: Found opcode in column 1. (MOVWF)
0001   00A0           00013 MOVWF   VA                      ; VA=D’100’                                     X       X
Warning[203]: Found opcode in column 1. (MOVLW)
0002   3032           00014 MOVLW   D'50'                   ; W=D’50’                                       X       X
Warning[203]: Found opcode in column 1. (MOVWF)
0003   00A1           00015 MOVWF   VB                      ; VB=D’50’                                      X       X
Warning[203]: Found opcode in column 1. (MOVLW)
0004   3064           00016 MOVLW   D'100'                  ; W=D’100’                                      X       X
Warning[203]: Found opcode in column 1. (MOVWF)
0005   00A2           00017 MOVWF   VC                      ; VC=D’100’                                     X       X
Warning[203]: Found opcode in column 1. (MOVLW)
0006   3032           00018 MOVLW   D'50'                   ; W=D’50’                                       X       X
Warning[203]: Found opcode in column 1. (MOVWF)
0007   00A3           00019 MOVWF   VD                      ; VD=D’50’                                      X       X
Warning[203]: Found opcode in column 1. (CLRF)
0008   01A4           00020 CLRF    RESUL                   ; RESUL=0                                       1       X
Warning[203]: Found opcode in column 1. (CLRF)
0009   01A5           00021 CLRF    RESUH                   ; RESUH=0                                       1       X
Warning[203]: Found opcode in column 1. (MOVF)
000A   0820           00022 MOVF    VA,W                    ; W=D’100’                                      0       X
Warning[203]: Found opcode in column 1. (ADDWF)
000B   0721           00023 ADDWF   VB,W                    ; W=W+VB=D’150’                                 0       0
Warning[203]: Found opcode in column 1. (BTFSC)
000C   1803           00024 BTFSC   STATUS,C                ; TESTA O CARRY, PULA SE 0                      0       0
Warning[203]: Found opcode in column 1. (INCF)
000D   0AA5           00025 INCF    RESUH,F                 ; NÃO FOI EXECUTADA
Warning[203]: Found opcode in column 1. (ADDWF)
000E   0722           00026 ADDWF   VC,W                    ; W=W+VC=D’150’+D’100’=D’250’                   0       0
Warning[203]: Found opcode in column 1. (BTFSC)
000F   1803           00027 BTFSC   STATUS,C                ; TESTA O CARRY, PULA SE 0                      0       0
Warning[203]: Found opcode in column 1. (INCF)
0010   0AA5           00028 INCF    RESUH,F                 ; NÃO FOI EXECUTADA
Warning[203]: Found opcode in column 1. (ADDWF)
MPASM 03.20 Released          EQUACAO.ASM   1-6-2003  16:05:05         PAGE  2


LOC  OBJECT CODE     LINE SOURCE TEXT
  VALUE

0011   0723           00029 ADDWF   VD,W                    ; W=W+VD=250+50=300(-256)=D’44’                 0       1
Warning[203]: Found opcode in column 1. (BTFSC)
0012   1803           00030 BTFSC   STATUS,C                ; TESTA O CARRY, PULA SE 0                      0       1
Warning[203]: Found opcode in column 1. (INCF)
0013   0AA5           00031 INCF    RESUH,F                 ; incrementa RESUH (=D’1’)                      0       1
Warning[203]: Found opcode in column 1. (MOVWF)
0014   00A4           00032 MOVWF   RESUL                   ; RESU=W=D’44’                                  0       0
Warning[203]: Found opcode in column 1. (BCF)
0015   1003           00033 BCF     STATUS,C                ; C=0                                           0       0
Warning[203]: Found opcode in column 1. (RRF)
0016   0CA5           00034 RRF     RESUH,F                 ; RESUH B’00000001’ -> B’00000000’              0       1
Warning[203]: Found opcode in column 1. (RRF)
0017   0CA4           00035 RRF     RESUL,F                 ; RESUL B’00101100’ -> B’10010110’              0       0
Warning[203]: Found opcode in column 1. (BCF)
0018   1003           00036 BCF     STATUS,C                ; C=0                                           0       0
Warning[203]: Found opcode in column 1. (RRF)
0019   0CA5           00037 RRF     RESUH,F                 ; RESUH B’00000000’ -> B’00000000’              0       0
Warning[203]: Found opcode in column 1. (RRF)
001A   0CA4           00038 RRF     RESUL,F                 ; RESUL B’10010110’ -> B’01001011’              0       0
Warning[205]: Found directive in column 1. (END)
                      00039 END
MPASM 03.20 Released          EQUACAO.ASM   1-6-2003  16:05:05         PAGE  3


SYMBOL TABLE
  LABEL                             VALUE 

ADEN                              00000003
BRGH                              00000002
C                                 00000000
C1INV                             00000004
C1OUT                             00000006
C2INV                             00000005
C2OUT                             00000007
CCP1CON                           00000017
CCP1IE                            00000002
CCP1IF                            00000002
CCP1M0                            00000000
CCP1M1                            00000001
CCP1M2                            00000002
CCP1M3                            00000003
CCP1X                             00000005
CCP1Y                             00000004
CCPR1H                            00000016
CCPR1L                            00000015
CIS                               00000003
CM0                               00000000
CM1                               00000001
CM2                               00000002
CMCON                             0000001F
CMIE                              00000006
CMIF                              00000006
CREN                              00000004
CSRC                              00000007
DC                                00000001
EEADR                             0000009B
EECON1                            0000009C
EECON2                            0000009D
EEDATA                            0000009A
EEIE                              00000007
EEIF                              00000007
F                                 00000001
FERR                              00000002
FSR                               00000004
GIE                               00000007
INDF                              00000000
INTCON                            0000000B
INTE                              00000004
INTEDG                            00000006
INTF                              00000001
IRP                               00000007
NOT_BO                            00000000
NOT_BOD                           00000000
NOT_BOR                           00000000
NOT_PD                            00000003
NOT_POR                           00000001
NOT_RBPU                          00000007
NOT_T1SYNC                        00000002
NOT_TO                            00000004
OERR                              00000001
MPASM 03.20 Released          EQUACAO.ASM   1-6-2003  16:05:05         PAGE  4


SYMBOL TABLE
  LABEL                             VALUE 

OPTION_REG                        00000081
OSCF                              00000003
PCL                               00000002
PCLATH                            0000000A
PCON                              0000008E
PEIE                              00000006
PIE1                              0000008C
PIR1                              0000000C
PORTA                             00000005
PORTB                             00000006
PR2                               00000092
PS0                               00000000
PS1                               00000001
PS2                               00000002
PSA                               00000003
RBIE                              00000003
RBIF                              00000000
RCIE                              00000005
RCIF                              00000005
RCREG                             0000001A
RCSTA                             00000018
RD                                00000000
RESUH                             00000025
RESUL                             00000024
RP0                               00000005
RP1                               00000006
RX9                               00000006
RX9D                              00000000
SPBRG                             00000099
SPEN                              00000007
SREN                              00000005
STATUS                            00000003
SYNC                              00000004
T0CS                              00000005
T0IE                              00000005
T0IF                              00000002
T0SE                              00000004
T1CKPS0                           00000004
T1CKPS1                           00000005
T1CON                             00000010
T1OSCEN                           00000003
T2CKPS0                           00000000
T2CKPS1                           00000001
T2CON                             00000012
TMR0                              00000001
TMR1CS                            00000001
TMR1H                             0000000F
TMR1IE                            00000000
TMR1IF                            00000000
TMR1L                             0000000E
TMR1ON                            00000000
TMR2                              00000011
TMR2IE                            00000001
MPASM 03.20 Released          EQUACAO.ASM   1-6-2003  16:05:05         PAGE  5


SYMBOL TABLE
  LABEL                             VALUE 

TMR2IF                            00000001
TMR2ON                            00000002
TOUTPS0                           00000003
TOUTPS1                           00000004
TOUTPS2                           00000005
TOUTPS3                           00000006
TRISA                             00000085
TRISB                             00000086
TRMT                              00000001
TX9                               00000006
TX9D                              00000000
TXEN                              00000005
TXIE                              00000004
TXIF                              00000004
TXREG                             00000019
TXSTA                             00000098
VA                                00000020
VB                                00000021
VC                                00000022
VD                                00000023
VR0                               00000000
VR1                               00000001
VR2                               00000002
VR3                               00000003
VRCON                             0000009F
VREN                              00000007
VROE                              00000006
VRR                               00000005
W                                 00000000
WR                                00000001
WREN                              00000002
WRERR                             00000003
Z                                 00000002
_BODEN_OFF                        00003FBF
_BODEN_ON                         00003FFF
_CP_50                            00002BFF
_CP_75                            000017FF
_CP_ALL                           000003FF
_CP_OFF                           00003FFF
_DATA_CP_OFF                      00003FFF
_DATA_CP_ON                       00003EFF
_ER_OSC_CLKOUT                    00003FFF
_ER_OSC_NOCLKOUT                  00003FFE
_EXTCLK_OSC                       00003FEF
_HS_OSC                           00003FEE
_INTRC_OSC_CLKOUT                 00003FFD
_INTRC_OSC_NOCLKOUT               00003FFC
_LP_OSC                           00003FEC
_LVP_OFF                          00003F7F
_LVP_ON                           00003FFF
_MCLRE_OFF                        00003FDF
_MCLRE_ON                         00003FFF
_PWRTE_OFF                        00003FFF
MPASM 03.20 Released          EQUACAO.ASM   1-6-2003  16:05:05         PAGE  6


SYMBOL TABLE
  LABEL                             VALUE 

_PWRTE_ON                         00003FF7
_WDT_OFF                          00003FFB
_WDT_ON                           00003FFF
_XT_OSC                           00003FED
__16F627                          00000001


MEMORY USAGE MAP ('X' = Used,  '-' = Unused)

0000 : XXXXXXXXXXXXXXXX XXXXXXXXXXX----- ---------------- ----------------
2000 : -------X-------- ---------------- ---------------- ----------------

All other memory blocks unused.

Program Memory Words Used:    27
Program Memory Words Free:   997


Errors   :     0
Warnings :    32 reported,     0 suppressed
Messages :     0 reported,     0 suppressed

