MPASM 03.20 Released          EXEMPLO.ASM   1-6-2003  16:21:33         PAGE  1


LOC  OBJECT CODE     LINE SOURCE TEXT
  VALUE

Warning[205]: Found directive in column 1. (LIST)
                      00001 LIST    P=16F627
Warning[205]: Found directive in column 1. (INCLUDE)
                      00002 INCLUDE <P16F627.INC>
                      00001         LIST
                      00002 ; P16F627.INC  Standard Header File, Version 1.01    Microchip Technology, Inc.
                      00261         LIST
Warning[205]: Found directive in column 1. (__CONFIG)
2007   3F18           00003 __CONFIG _CP_OFF & _WDT_OFF & _PWRTE_OFF & _BODEN_OFF & _MCLRE_OFF & _INTRC_OSC_NOCLKOUT & _LVP_OFF
  00000020            00004 A0      EQU 0x20
  00000021            00005 B0      EQU 0x21
  00000022            00006 TEMP1   EQU 0x22
  00000023            00007 TEMP2   EQU 0x23
  00000024            00008 TEMP3   EQU 0x24
Warning[205]: Found directive in column 1. (ORG)
0000                  00009 ORG     0x0000
0000   2815           00010         GOTO    INICIO
0001                  00011 DIV8_8:
0001   3008           00012         MOVLW   0x08
0002   00A2           00013         MOVWF   TEMP1
0003   01A3           00014         CLRF    TEMP2
0004   0820           00015         MOVF    A0,W
0005   00A4           00016         MOVWF   TEMP3 
0006                  00017 DIV8_8_LOOP:
0006   1003           00018         BCF     STATUS,C
0007   1BA4           00019         BTFSC   TEMP3,7
0008   1403           00020         BSF     STATUS,C
0009   0DA3           00021         RLF     TEMP2,F
000A   0821           00022         MOVF    B0,W
000B   02A3           00023         SUBWF   TEMP2,F
000C   1803           00024         BTFSC   STATUS,C
000D   2810           00025         GOTO    DIV8_8_PTA
000E   07A3           00026         ADDWF   TEMP2,F
000F   1003           00027         BCF     STATUS,C
0010                  00028 DIV8_8_PTA:
0010   0DA4           00029         RLF     TEMP3,F
0011   0BA2           00030         DECFSZ  TEMP1,F
0012   2806           00031         GOTO    DIV8_8_LOOP
0013   0824           00032         MOVF    TEMP3,W
0014   0008           00033         RETURN
0015                  00034 INICIO:
0015   30C7           00035         MOVLW   D'199'          ;
0016   00A0           00036         MOVWF   A0              ; Dividendo (A0) = 199 decimal
0017   3017           00037         MOVLW   D'23'           ;
0018   00A1           00038         MOVWF   B0              ; Divisor (B0) = 23 decimal
0019   2001           00039         CALL    DIV8_8          ; chamada da sub-rotina
001A   0063           00040         SLEEP
Warning[205]: Found directive in column 1. (END)
                      00041 END
MPASM 03.20 Released          EXEMPLO.ASM   1-6-2003  16:21:33         PAGE  2


SYMBOL TABLE
  LABEL                             VALUE 

A0                                00000020
ADEN                              00000003
B0                                00000021
BRGH                              00000002
C                                 00000000
C1INV                             00000004
C1OUT                             00000006
C2INV                             00000005
C2OUT                             00000007
CCP1CON                           00000017
CCP1IE                            00000002
CCP1IF                            00000002
CCP1M0                            00000000
CCP1M1                            00000001
CCP1M2                            00000002
CCP1M3                            00000003
CCP1X                             00000005
CCP1Y                             00000004
CCPR1H                            00000016
CCPR1L                            00000015
CIS                               00000003
CM0                               00000000
CM1                               00000001
CM2                               00000002
CMCON                             0000001F
CMIE                              00000006
CMIF                              00000006
CREN                              00000004
CSRC                              00000007
DC                                00000001
DIV8_8                            00000001
DIV8_8_LOOP                       00000006
DIV8_8_PTA                        00000010
EEADR                             0000009B
EECON1                            0000009C
EECON2                            0000009D
EEDATA                            0000009A
EEIE                              00000007
EEIF                              00000007
F                                 00000001
FERR                              00000002
FSR                               00000004
GIE                               00000007
INDF                              00000000
INICIO                            00000015
INTCON                            0000000B
INTE                              00000004
INTEDG                            00000006
INTF                              00000001
IRP                               00000007
NOT_BO                            00000000
NOT_BOD                           00000000
NOT_BOR                           00000000
MPASM 03.20 Released          EXEMPLO.ASM   1-6-2003  16:21:33         PAGE  3


SYMBOL TABLE
  LABEL                             VALUE 

NOT_PD                            00000003
NOT_POR                           00000001
NOT_RBPU                          00000007
NOT_T1SYNC                        00000002
NOT_TO                            00000004
OERR                              00000001
OPTION_REG                        00000081
OSCF                              00000003
PCL                               00000002
PCLATH                            0000000A
PCON                              0000008E
PEIE                              00000006
PIE1                              0000008C
PIR1                              0000000C
PORTA                             00000005
PORTB                             00000006
PR2                               00000092
PS0                               00000000
PS1                               00000001
PS2                               00000002
PSA                               00000003
RBIE                              00000003
RBIF                              00000000
RCIE                              00000005
RCIF                              00000005
RCREG                             0000001A
RCSTA                             00000018
RD                                00000000
RP0                               00000005
RP1                               00000006
RX9                               00000006
RX9D                              00000000
SPBRG                             00000099
SPEN                              00000007
SREN                              00000005
STATUS                            00000003
SYNC                              00000004
T0CS                              00000005
T0IE                              00000005
T0IF                              00000002
T0SE                              00000004
T1CKPS0                           00000004
T1CKPS1                           00000005
T1CON                             00000010
T1OSCEN                           00000003
T2CKPS0                           00000000
T2CKPS1                           00000001
T2CON                             00000012
TEMP1                             00000022
TEMP2                             00000023
TEMP3                             00000024
TMR0                              00000001
TMR1CS                            00000001
MPASM 03.20 Released          EXEMPLO.ASM   1-6-2003  16:21:33         PAGE  4


SYMBOL TABLE
  LABEL                             VALUE 

TMR1H                             0000000F
TMR1IE                            00000000
TMR1IF                            00000000
TMR1L                             0000000E
TMR1ON                            00000000
TMR2                              00000011
TMR2IE                            00000001
TMR2IF                            00000001
TMR2ON                            00000002
TOUTPS0                           00000003
TOUTPS1                           00000004
TOUTPS2                           00000005
TOUTPS3                           00000006
TRISA                             00000085
TRISB                             00000086
TRMT                              00000001
TX9                               00000006
TX9D                              00000000
TXEN                              00000005
TXIE                              00000004
TXIF                              00000004
TXREG                             00000019
TXSTA                             00000098
VR0                               00000000
VR1                               00000001
VR2                               00000002
VR3                               00000003
VRCON                             0000009F
VREN                              00000007
VROE                              00000006
VRR                               00000005
W                                 00000000
WR                                00000001
WREN                              00000002
WRERR                             00000003
Z                                 00000002
_BODEN_OFF                        00003FBF
_BODEN_ON                         00003FFF
_CP_50                            00002BFF
_CP_75                            000017FF
_CP_ALL                           000003FF
_CP_OFF                           00003FFF
_DATA_CP_OFF                      00003FFF
_DATA_CP_ON                       00003EFF
_ER_OSC_CLKOUT                    00003FFF
_ER_OSC_NOCLKOUT                  00003FFE
_EXTCLK_OSC                       00003FEF
_HS_OSC                           00003FEE
_INTRC_OSC_CLKOUT                 00003FFD
_INTRC_OSC_NOCLKOUT               00003FFC
_LP_OSC                           00003FEC
_LVP_OFF                          00003F7F
_LVP_ON                           00003FFF
MPASM 03.20 Released          EXEMPLO.ASM   1-6-2003  16:21:33         PAGE  5


SYMBOL TABLE
  LABEL                             VALUE 

_MCLRE_OFF                        00003FDF
_MCLRE_ON                         00003FFF
_PWRTE_OFF                        00003FFF
_PWRTE_ON                         00003FF7
_WDT_OFF                          00003FFB
_WDT_ON                           00003FFF
_XT_OSC                           00003FED
__16F627                          00000001


MEMORY USAGE MAP ('X' = Used,  '-' = Unused)

0000 : XXXXXXXXXXXXXXXX XXXXXXXXXXX----- ---------------- ----------------
2000 : -------X-------- ---------------- ---------------- ----------------

All other memory blocks unused.

Program Memory Words Used:    27
Program Memory Words Free:   997


Errors   :     0
Warnings :     5 reported,     0 suppressed
Messages :     0 reported,     0 suppressed

